<?xml version="1.0" encoding="UTF-8"?>
<!-- Generated by org.testng.reporters.JUnitReportReporter -->
<testsuite skipped="0" hostname="DERIW42SLPC1327" name="com.tricentis.automation.scripts.fieldVerification.HomePageTests" tests="4" failures="0" timestamp="10 Mar 2020 06:58:36 GMT" time="2.205" errors="0">
  <testcase name="verifyAutomationlink" time="2.183" classname="com.tricentis.automation.scripts.fieldVerification.HomePageTests"/>
  <testcase name="verifyMotorCyclelink" time="0.014" classname="com.tricentis.automation.scripts.fieldVerification.HomePageTests"/>
  <testcase name="verifyTrucklink" time="0.006" classname="com.tricentis.automation.scripts.fieldVerification.HomePageTests"/>
  <testcase name="verifyCamperlink" time="0.002" classname="com.tricentis.automation.scripts.fieldVerification.HomePageTests"/>
</testsuite> <!-- com.tricentis.automation.scripts.fieldVerification.HomePageTests -->
