<?xml version="1.0" encoding="UTF-8"?>
<!-- Generated by org.testng.reporters.JUnitReportReporter -->
<testsuite skipped="0" hostname="DERIW42SLPC1327" name="com.tricentis.automation.scripts.fieldVerification.Automobile_EnterVehicleDataPageTests" tests="1" failures="0" timestamp="10 Mar 2020 06:58:36 GMT" time="2.958" errors="0">
  <testcase name="verifyEnginePerformanceInputbox" time="2.958" classname="com.tricentis.automation.scripts.fieldVerification.Automobile_EnterVehicleDataPageTests"/>
</testsuite> <!-- com.tricentis.automation.scripts.fieldVerification.Automobile_EnterVehicleDataPageTests -->
